Analysis & Synthesis report for multiplier_8_2
Fri Feb 23 15:50:05 2018
Quartus II 64-Bit Version 15.0.0 Build 145 04/22/2015 SJ Web Edition


---------------------
; Table of Contents ;
---------------------
  1. Legal Notice
  2. Analysis & Synthesis Summary
  3. Analysis & Synthesis Settings
  4. Parallel Compilation
  5. Analysis & Synthesis Source Files Read
  6. Analysis & Synthesis Resource Usage Summary
  7. Analysis & Synthesis Resource Utilization by Entity
  8. State Machine - |multiplier_8_2|control:control_unit|curr_state
  9. Registers Removed During Synthesis
 10. General Register Statistics
 11. Multiplexer Restructuring Statistics (Restructuring Performed)
 12. Port Connectivity Checks: "ADD_SUB9:adder|full_adder:FA8"
 13. Port Connectivity Checks: "reg_16:a_and_b|reg_8:shift_reg_B"
 14. Port Connectivity Checks: "reg_16:a_and_b"
 15. Post-Synthesis Netlist Statistics for Top Partition
 16. Elapsed Time Per Partition
 17. Analysis & Synthesis Messages
 18. Analysis & Synthesis Suppressed Messages



----------------
; Legal Notice ;
----------------
Copyright (C) 1991-2015 Altera Corporation. All rights reserved.
Your use of Altera Corporation's design tools, logic functions 
and other software and tools, and its AMPP partner logic 
functions, and any output files from any of the foregoing 
(including device programming or simulation files), and any 
associated documentation or information are expressly subject 
to the terms and conditions of the Altera Program License 
Subscription Agreement, the Altera Quartus II License Agreement,
the Altera MegaCore Function License Agreement, or other 
applicable license agreement, including, without limitation, 
that your use is for the sole purpose of programming logic 
devices manufactured by Altera and sold by Altera or its 
authorized distributors.  Please refer to the applicable 
agreement for further details.



+---------------------------------------------------------------------------------+
; Analysis & Synthesis Summary                                                    ;
+------------------------------------+--------------------------------------------+
; Analysis & Synthesis Status        ; Successful - Fri Feb 23 15:50:04 2018      ;
; Quartus II 64-Bit Version          ; 15.0.0 Build 145 04/22/2015 SJ Web Edition ;
; Revision Name                      ; multiplier_8_2                             ;
; Top-level Entity Name              ; multiplier_8_2                             ;
; Family                             ; Cyclone IV E                               ;
; Total logic elements               ; 109                                        ;
;     Total combinational functions  ; 101                                        ;
;     Dedicated logic registers      ; 48                                         ;
; Total registers                    ; 48                                         ;
; Total pins                         ; 57                                         ;
; Total virtual pins                 ; 0                                          ;
; Total memory bits                  ; 0                                          ;
; Embedded Multiplier 9-bit elements ; 0                                          ;
; Total PLLs                         ; 0                                          ;
+------------------------------------+--------------------------------------------+


+----------------------------------------------------------------------------------------------------------------------+
; Analysis & Synthesis Settings                                                                                        ;
+----------------------------------------------------------------------------+--------------------+--------------------+
; Option                                                                     ; Setting            ; Default Value      ;
+----------------------------------------------------------------------------+--------------------+--------------------+
; Device                                                                     ; EP4CE115F29C7      ;                    ;
; Top-level entity name                                                      ; multiplier_8_2     ; multiplier_8_2     ;
; Family name                                                                ; Cyclone IV E       ; Cyclone V          ;
; Use smart compilation                                                      ; Off                ; Off                ;
; Enable parallel Assembler and TimeQuest Timing Analyzer during compilation ; On                 ; On                 ;
; Enable compact report table                                                ; Off                ; Off                ;
; Restructure Multiplexers                                                   ; Auto               ; Auto               ;
; Create Debugging Nodes for IP Cores                                        ; Off                ; Off                ;
; Preserve fewer node names                                                  ; On                 ; On                 ;
; Disable OpenCore Plus hardware evaluation                                  ; Off                ; Off                ;
; Verilog Version                                                            ; Verilog_2001       ; Verilog_2001       ;
; VHDL Version                                                               ; VHDL_1993          ; VHDL_1993          ;
; State Machine Processing                                                   ; Auto               ; Auto               ;
; Safe State Machine                                                         ; Off                ; Off                ;
; Extract Verilog State Machines                                             ; On                 ; On                 ;
; Extract VHDL State Machines                                                ; On                 ; On                 ;
; Ignore Verilog initial constructs                                          ; Off                ; Off                ;
; Iteration limit for constant Verilog loops                                 ; 5000               ; 5000               ;
; Iteration limit for non-constant Verilog loops                             ; 250                ; 250                ;
; Add Pass-Through Logic to Inferred RAMs                                    ; On                 ; On                 ;
; Infer RAMs from Raw Logic                                                  ; On                 ; On                 ;
; Parallel Synthesis                                                         ; On                 ; On                 ;
; DSP Block Balancing                                                        ; Auto               ; Auto               ;
; NOT Gate Push-Back                                                         ; On                 ; On                 ;
; Power-Up Don't Care                                                        ; On                 ; On                 ;
; Remove Redundant Logic Cells                                               ; Off                ; Off                ;
; Remove Duplicate Registers                                                 ; On                 ; On                 ;
; Ignore CARRY Buffers                                                       ; Off                ; Off                ;
; Ignore CASCADE Buffers                                                     ; Off                ; Off                ;
; Ignore GLOBAL Buffers                                                      ; Off                ; Off                ;
; Ignore ROW GLOBAL Buffers                                                  ; Off                ; Off                ;
; Ignore LCELL Buffers                                                       ; Off                ; Off                ;
; Ignore SOFT Buffers                                                        ; On                 ; On                 ;
; Limit AHDL Integers to 32 Bits                                             ; Off                ; Off                ;
; Optimization Technique                                                     ; Balanced           ; Balanced           ;
; Carry Chain Length                                                         ; 70                 ; 70                 ;
; Auto Carry Chains                                                          ; On                 ; On                 ;
; Auto Open-Drain Pins                                                       ; On                 ; On                 ;
; Perform WYSIWYG Primitive Resynthesis                                      ; Off                ; Off                ;
; Auto ROM Replacement                                                       ; On                 ; On                 ;
; Auto RAM Replacement                                                       ; On                 ; On                 ;
; Auto DSP Block Replacement                                                 ; On                 ; On                 ;
; Auto Shift Register Replacement                                            ; Auto               ; Auto               ;
; Allow Shift Register Merging across Hierarchies                            ; Auto               ; Auto               ;
; Auto Clock Enable Replacement                                              ; On                 ; On                 ;
; Strict RAM Replacement                                                     ; Off                ; Off                ;
; Allow Synchronous Control Signals                                          ; On                 ; On                 ;
; Force Use of Synchronous Clear Signals                                     ; Off                ; Off                ;
; Auto RAM Block Balancing                                                   ; On                 ; On                 ;
; Auto RAM to Logic Cell Conversion                                          ; Off                ; Off                ;
; Auto Resource Sharing                                                      ; Off                ; Off                ;
; Allow Any RAM Size For Recognition                                         ; Off                ; Off                ;
; Allow Any ROM Size For Recognition                                         ; Off                ; Off                ;
; Allow Any Shift Register Size For Recognition                              ; Off                ; Off                ;
; Use LogicLock Constraints during Resource Balancing                        ; On                 ; On                 ;
; Ignore translate_off and synthesis_off directives                          ; Off                ; Off                ;
; Timing-Driven Synthesis                                                    ; On                 ; On                 ;
; Report Parameter Settings                                                  ; On                 ; On                 ;
; Report Source Assignments                                                  ; On                 ; On                 ;
; Report Connectivity Checks                                                 ; On                 ; On                 ;
; Ignore Maximum Fan-Out Assignments                                         ; Off                ; Off                ;
; Synchronization Register Chain Length                                      ; 2                  ; 2                  ;
; PowerPlay Power Optimization During Synthesis                              ; Normal compilation ; Normal compilation ;
; HDL message level                                                          ; Level2             ; Level2             ;
; Suppress Register Optimization Related Messages                            ; Off                ; Off                ;
; Number of Removed Registers Reported in Synthesis Report                   ; 5000               ; 5000               ;
; Number of Swept Nodes Reported in Synthesis Report                         ; 5000               ; 5000               ;
; Number of Inverted Registers Reported in Synthesis Report                  ; 100                ; 100                ;
; Clock MUX Protection                                                       ; On                 ; On                 ;
; Auto Gated Clock Conversion                                                ; Off                ; Off                ;
; Block Design Naming                                                        ; Auto               ; Auto               ;
; SDC constraint protection                                                  ; Off                ; Off                ;
; Synthesis Effort                                                           ; Auto               ; Auto               ;
; Shift Register Replacement - Allow Asynchronous Clear Signal               ; On                 ; On                 ;
; Pre-Mapping Resynthesis Optimization                                       ; Off                ; Off                ;
; Analysis & Synthesis Message Level                                         ; Medium             ; Medium             ;
; Disable Register Merging Across Hierarchies                                ; Auto               ; Auto               ;
; Resource Aware Inference For Block RAM                                     ; On                 ; On                 ;
; Synthesis Seed                                                             ; 1                  ; 1                  ;
+----------------------------------------------------------------------------+--------------------+--------------------+


+------------------------------------------+
; Parallel Compilation                     ;
+----------------------------+-------------+
; Processors                 ; Number      ;
+----------------------------+-------------+
; Number detected on machine ; 8           ;
; Maximum allowed            ; 4           ;
;                            ;             ;
; Average used               ; 1.00        ;
; Maximum used               ; 1           ;
;                            ;             ;
; Usage by Processor         ; % Time Used ;
;     Processor 1            ; 100.0%      ;
;     Processors 2-8         ;   0.0%      ;
+----------------------------+-------------+


+---------------------------------------------------------------------------------------------------------------------------------------------------------------------------------------------------+
; Analysis & Synthesis Source Files Read                                                                                                                                                            ;
+----------------------------------+-----------------+------------------------------+-----------------------------------------------------------------------------------------------------+---------+
; File Name with User-Entered Path ; Used in Netlist ; File Type                    ; File Name with Absolute Path                                                                        ; Library ;
+----------------------------------+-----------------+------------------------------+-----------------------------------------------------------------------------------------------------+---------+
; sync.sv                          ; yes             ; User SystemVerilog HDL File  ; C:/Users/mohit/Google Drive/UIUC Coursework/SP18/ECE 385/labs/lab5/multiplier_8_2/sync.sv           ;         ;
; Xreg.sv                          ; yes             ; User SystemVerilog HDL File  ; C:/Users/mohit/Google Drive/UIUC Coursework/SP18/ECE 385/labs/lab5/multiplier_8_2/Xreg.sv           ;         ;
; reg_8.sv                         ; yes             ; User SystemVerilog HDL File  ; C:/Users/mohit/Google Drive/UIUC Coursework/SP18/ECE 385/labs/lab5/multiplier_8_2/reg_8.sv          ;         ;
; reg_4.sv                         ; yes             ; User SystemVerilog HDL File  ; C:/Users/mohit/Google Drive/UIUC Coursework/SP18/ECE 385/labs/lab5/multiplier_8_2/reg_4.sv          ;         ;
; reg_16.sv                        ; yes             ; User SystemVerilog HDL File  ; C:/Users/mohit/Google Drive/UIUC Coursework/SP18/ECE 385/labs/lab5/multiplier_8_2/reg_16.sv         ;         ;
; multiplier_8_2.sv                ; yes             ; User SystemVerilog HDL File  ; C:/Users/mohit/Google Drive/UIUC Coursework/SP18/ECE 385/labs/lab5/multiplier_8_2/multiplier_8_2.sv ;         ;
; HexDriver.sv                     ; yes             ; User SystemVerilog HDL File  ; C:/Users/mohit/Google Drive/UIUC Coursework/SP18/ECE 385/labs/lab5/multiplier_8_2/HexDriver.sv      ;         ;
; full_adder.sv                    ; yes             ; User SystemVerilog HDL File  ; C:/Users/mohit/Google Drive/UIUC Coursework/SP18/ECE 385/labs/lab5/multiplier_8_2/full_adder.sv     ;         ;
; Control.sv                       ; yes             ; User SystemVerilog HDL File  ; C:/Users/mohit/Google Drive/UIUC Coursework/SP18/ECE 385/labs/lab5/multiplier_8_2/Control.sv        ;         ;
; ADD_SUB9.sv                      ; yes             ; User SystemVerilog HDL File  ; C:/Users/mohit/Google Drive/UIUC Coursework/SP18/ECE 385/labs/lab5/multiplier_8_2/ADD_SUB9.sv       ;         ;
+----------------------------------+-----------------+------------------------------+-----------------------------------------------------------------------------------------------------+---------+


+---------------------------------------------------------+
; Analysis & Synthesis Resource Usage Summary             ;
+---------------------------------------------+-----------+
; Resource                                    ; Usage     ;
+---------------------------------------------+-----------+
; Estimated Total logic elements              ; 109       ;
;                                             ;           ;
; Total combinational functions               ; 101       ;
; Logic element usage by number of LUT inputs ;           ;
;     -- 4 input functions                    ; 61        ;
;     -- 3 input functions                    ; 27        ;
;     -- <=2 input functions                  ; 13        ;
;                                             ;           ;
; Logic elements by mode                      ;           ;
;     -- normal mode                          ; 101       ;
;     -- arithmetic mode                      ; 0         ;
;                                             ;           ;
; Total registers                             ; 48        ;
;     -- Dedicated logic registers            ; 48        ;
;     -- I/O registers                        ; 0         ;
;                                             ;           ;
; I/O pins                                    ; 57        ;
;                                             ;           ;
; Embedded Multiplier 9-bit elements          ; 0         ;
;                                             ;           ;
; Maximum fan-out node                        ; Clk~input ;
; Maximum fan-out                             ; 48        ;
; Total fan-out                               ; 582       ;
; Average fan-out                             ; 2.21      ;
+---------------------------------------------+-----------+


+--------------------------------------------------------------------------------------------------------------------------------------------------------------------------------------------------------------------------------------------------+
; Analysis & Synthesis Resource Utilization by Entity                                                                                                                                                                                              ;
+----------------------------------------+-------------------+--------------+-------------+--------------+---------+-----------+------+--------------+------------------------------------------------------------------------------+--------------+
; Compilation Hierarchy Node             ; LC Combinationals ; LC Registers ; Memory Bits ; DSP Elements ; DSP 9x9 ; DSP 18x18 ; Pins ; Virtual Pins ; Full Hierarchy Name                                                          ; Library Name ;
+----------------------------------------+-------------------+--------------+-------------+--------------+---------+-----------+------+--------------+------------------------------------------------------------------------------+--------------+
; |multiplier_8_2                        ; 101 (1)           ; 48 (0)       ; 0           ; 0            ; 0       ; 0         ; 57   ; 0            ; |multiplier_8_2                                                              ; work         ;
;    |ADD_SUB9:adder|                    ; 16 (0)            ; 0 (0)        ; 0           ; 0            ; 0       ; 0         ; 0    ; 0            ; |multiplier_8_2|ADD_SUB9:adder                                               ; work         ;
;       |full_adder:FA0|                 ; 2 (2)             ; 0 (0)        ; 0           ; 0            ; 0       ; 0         ; 0    ; 0            ; |multiplier_8_2|ADD_SUB9:adder|full_adder:FA0                                ; work         ;
;       |full_adder:FA1|                 ; 2 (2)             ; 0 (0)        ; 0           ; 0            ; 0       ; 0         ; 0    ; 0            ; |multiplier_8_2|ADD_SUB9:adder|full_adder:FA1                                ; work         ;
;       |full_adder:FA2|                 ; 2 (2)             ; 0 (0)        ; 0           ; 0            ; 0       ; 0         ; 0    ; 0            ; |multiplier_8_2|ADD_SUB9:adder|full_adder:FA2                                ; work         ;
;       |full_adder:FA3|                 ; 2 (2)             ; 0 (0)        ; 0           ; 0            ; 0       ; 0         ; 0    ; 0            ; |multiplier_8_2|ADD_SUB9:adder|full_adder:FA3                                ; work         ;
;       |full_adder:FA4|                 ; 2 (2)             ; 0 (0)        ; 0           ; 0            ; 0       ; 0         ; 0    ; 0            ; |multiplier_8_2|ADD_SUB9:adder|full_adder:FA4                                ; work         ;
;       |full_adder:FA5|                 ; 2 (2)             ; 0 (0)        ; 0           ; 0            ; 0       ; 0         ; 0    ; 0            ; |multiplier_8_2|ADD_SUB9:adder|full_adder:FA5                                ; work         ;
;       |full_adder:FA6|                 ; 2 (2)             ; 0 (0)        ; 0           ; 0            ; 0       ; 0         ; 0    ; 0            ; |multiplier_8_2|ADD_SUB9:adder|full_adder:FA6                                ; work         ;
;       |full_adder:FA7|                 ; 1 (1)             ; 0 (0)        ; 0           ; 0            ; 0       ; 0         ; 0    ; 0            ; |multiplier_8_2|ADD_SUB9:adder|full_adder:FA7                                ; work         ;
;       |full_adder:FA8|                 ; 1 (1)             ; 0 (0)        ; 0           ; 0            ; 0       ; 0         ; 0    ; 0            ; |multiplier_8_2|ADD_SUB9:adder|full_adder:FA8                                ; work         ;
;    |HexDriver:A_hex_L|                 ; 7 (7)             ; 0 (0)        ; 0           ; 0            ; 0       ; 0         ; 0    ; 0            ; |multiplier_8_2|HexDriver:A_hex_L                                            ; work         ;
;    |HexDriver:A_hex_U|                 ; 7 (7)             ; 0 (0)        ; 0           ; 0            ; 0       ; 0         ; 0    ; 0            ; |multiplier_8_2|HexDriver:A_hex_U                                            ; work         ;
;    |HexDriver:B_hex_L|                 ; 7 (7)             ; 0 (0)        ; 0           ; 0            ; 0       ; 0         ; 0    ; 0            ; |multiplier_8_2|HexDriver:B_hex_L                                            ; work         ;
;    |HexDriver:B_hex_U|                 ; 7 (7)             ; 0 (0)        ; 0           ; 0            ; 0       ; 0         ; 0    ; 0            ; |multiplier_8_2|HexDriver:B_hex_U                                            ; work         ;
;    |Xreg:x_register|                   ; 2 (2)             ; 1 (1)        ; 0           ; 0            ; 0       ; 0         ; 0    ; 0            ; |multiplier_8_2|Xreg:x_register                                              ; work         ;
;    |control:control_unit|              ; 33 (33)           ; 20 (20)      ; 0           ; 0            ; 0       ; 0         ; 0    ; 0            ; |multiplier_8_2|control:control_unit                                         ; work         ;
;    |reg_16:a_and_b|                    ; 18 (0)            ; 16 (0)       ; 0           ; 0            ; 0       ; 0         ; 0    ; 0            ; |multiplier_8_2|reg_16:a_and_b                                               ; work         ;
;       |reg_8:shift_reg_A|              ; 10 (0)            ; 8 (0)        ; 0           ; 0            ; 0       ; 0         ; 0    ; 0            ; |multiplier_8_2|reg_16:a_and_b|reg_8:shift_reg_A                             ; work         ;
;          |reg_4:reg_A_first_four_bits| ; 6 (6)             ; 4 (4)        ; 0           ; 0            ; 0       ; 0         ; 0    ; 0            ; |multiplier_8_2|reg_16:a_and_b|reg_8:shift_reg_A|reg_4:reg_A_first_four_bits ; work         ;
;          |reg_4:reg_A_last_four_bits|  ; 4 (4)             ; 4 (4)        ; 0           ; 0            ; 0       ; 0         ; 0    ; 0            ; |multiplier_8_2|reg_16:a_and_b|reg_8:shift_reg_A|reg_4:reg_A_last_four_bits  ; work         ;
;       |reg_8:shift_reg_B|              ; 8 (0)             ; 8 (0)        ; 0           ; 0            ; 0       ; 0         ; 0    ; 0            ; |multiplier_8_2|reg_16:a_and_b|reg_8:shift_reg_B                             ; work         ;
;          |reg_4:reg_A_first_four_bits| ; 4 (4)             ; 4 (4)        ; 0           ; 0            ; 0       ; 0         ; 0    ; 0            ; |multiplier_8_2|reg_16:a_and_b|reg_8:shift_reg_B|reg_4:reg_A_first_four_bits ; work         ;
;          |reg_4:reg_A_last_four_bits|  ; 4 (4)             ; 4 (4)        ; 0           ; 0            ; 0       ; 0         ; 0    ; 0            ; |multiplier_8_2|reg_16:a_and_b|reg_8:shift_reg_B|reg_4:reg_A_last_four_bits  ; work         ;
;    |sync:Switch_sync[0]|               ; 0 (0)             ; 1 (1)        ; 0           ; 0            ; 0       ; 0         ; 0    ; 0            ; |multiplier_8_2|sync:Switch_sync[0]                                          ; work         ;
;    |sync:Switch_sync[1]|               ; 0 (0)             ; 1 (1)        ; 0           ; 0            ; 0       ; 0         ; 0    ; 0            ; |multiplier_8_2|sync:Switch_sync[1]                                          ; work         ;
;    |sync:Switch_sync[2]|               ; 0 (0)             ; 1 (1)        ; 0           ; 0            ; 0       ; 0         ; 0    ; 0            ; |multiplier_8_2|sync:Switch_sync[2]                                          ; work         ;
;    |sync:Switch_sync[3]|               ; 0 (0)             ; 1 (1)        ; 0           ; 0            ; 0       ; 0         ; 0    ; 0            ; |multiplier_8_2|sync:Switch_sync[3]                                          ; work         ;
;    |sync:Switch_sync[4]|               ; 0 (0)             ; 1 (1)        ; 0           ; 0            ; 0       ; 0         ; 0    ; 0            ; |multiplier_8_2|sync:Switch_sync[4]                                          ; work         ;
;    |sync:Switch_sync[5]|               ; 0 (0)             ; 1 (1)        ; 0           ; 0            ; 0       ; 0         ; 0    ; 0            ; |multiplier_8_2|sync:Switch_sync[5]                                          ; work         ;
;    |sync:Switch_sync[6]|               ; 0 (0)             ; 1 (1)        ; 0           ; 0            ; 0       ; 0         ; 0    ; 0            ; |multiplier_8_2|sync:Switch_sync[6]                                          ; work         ;
;    |sync:Switch_sync[7]|               ; 0 (0)             ; 1 (1)        ; 0           ; 0            ; 0       ; 0         ; 0    ; 0            ; |multiplier_8_2|sync:Switch_sync[7]                                          ; work         ;
;    |sync:button_sync[0]|               ; 1 (1)             ; 1 (1)        ; 0           ; 0            ; 0       ; 0         ; 0    ; 0            ; |multiplier_8_2|sync:button_sync[0]                                          ; work         ;
;    |sync:button_sync[1]|               ; 1 (1)             ; 1 (1)        ; 0           ; 0            ; 0       ; 0         ; 0    ; 0            ; |multiplier_8_2|sync:button_sync[1]                                          ; work         ;
;    |sync:button_sync[2]|               ; 1 (1)             ; 1 (1)        ; 0           ; 0            ; 0       ; 0         ; 0    ; 0            ; |multiplier_8_2|sync:button_sync[2]                                          ; work         ;
+----------------------------------------+-------------------+--------------+-------------+--------------+---------+-----------+------+--------------+------------------------------------------------------------------------------+--------------+
Note: For table entries with two numbers listed, the numbers in parentheses indicate the number of resources of the given type used by the specific entity alone. The numbers listed outside of parentheses indicate the total resources of the given type used by the specific entity and all of its sub-entities in the hierarchy.


Encoding Type:  One-Hot
+---------------------------------------------------------------------------------------------------------------------------------------------------------------------------------------------------------------------------------------------------------------------------------------------------------------------------------------------------------------------------------------------------------------------------+
; State Machine - |multiplier_8_2|control:control_unit|curr_state                                                                                                                                                                                                                                                                                                                                                           ;
+---------------------+-----------------+-----------------+------------------+------------------+------------------+------------------+------------------+------------------+------------------+-------------------+-------------------+-------------------+-------------------+-------------------+-------------------+-------------------+-------------------+-------------------+---------------------+------------------+
; Name                ; curr_state.HOLD ; curr_state.SUBT ; curr_state.ADDS7 ; curr_state.ADDS6 ; curr_state.ADDS5 ; curr_state.ADDS4 ; curr_state.ADDS3 ; curr_state.ADDS2 ; curr_state.ADDS1 ; curr_state.SHIFT8 ; curr_state.SHIFT7 ; curr_state.SHIFT6 ; curr_state.SHIFT5 ; curr_state.SHIFT4 ; curr_state.SHIFT3 ; curr_state.SHIFT2 ; curr_state.SHIFT1 ; curr_state.PRERUN ; curr_state.CLRA_LDB ; curr_state.RESET ;
+---------------------+-----------------+-----------------+------------------+------------------+------------------+------------------+------------------+------------------+------------------+-------------------+-------------------+-------------------+-------------------+-------------------+-------------------+-------------------+-------------------+-------------------+---------------------+------------------+
; curr_state.RESET    ; 0               ; 0               ; 0                ; 0                ; 0                ; 0                ; 0                ; 0                ; 0                ; 0                 ; 0                 ; 0                 ; 0                 ; 0                 ; 0                 ; 0                 ; 0                 ; 0                 ; 0                   ; 0                ;
; curr_state.CLRA_LDB ; 0               ; 0               ; 0                ; 0                ; 0                ; 0                ; 0                ; 0                ; 0                ; 0                 ; 0                 ; 0                 ; 0                 ; 0                 ; 0                 ; 0                 ; 0                 ; 0                 ; 1                   ; 1                ;
; curr_state.PRERUN   ; 0               ; 0               ; 0                ; 0                ; 0                ; 0                ; 0                ; 0                ; 0                ; 0                 ; 0                 ; 0                 ; 0                 ; 0                 ; 0                 ; 0                 ; 0                 ; 1                 ; 0                   ; 1                ;
; curr_state.SHIFT1   ; 0               ; 0               ; 0                ; 0                ; 0                ; 0                ; 0                ; 0                ; 0                ; 0                 ; 0                 ; 0                 ; 0                 ; 0                 ; 0                 ; 0                 ; 1                 ; 0                 ; 0                   ; 1                ;
; curr_state.SHIFT2   ; 0               ; 0               ; 0                ; 0                ; 0                ; 0                ; 0                ; 0                ; 0                ; 0                 ; 0                 ; 0                 ; 0                 ; 0                 ; 0                 ; 1                 ; 0                 ; 0                 ; 0                   ; 1                ;
; curr_state.SHIFT3   ; 0               ; 0               ; 0                ; 0                ; 0                ; 0                ; 0                ; 0                ; 0                ; 0                 ; 0                 ; 0                 ; 0                 ; 0                 ; 1                 ; 0                 ; 0                 ; 0                 ; 0                   ; 1                ;
; curr_state.SHIFT4   ; 0               ; 0               ; 0                ; 0                ; 0                ; 0                ; 0                ; 0                ; 0                ; 0                 ; 0                 ; 0                 ; 0                 ; 1                 ; 0                 ; 0                 ; 0                 ; 0                 ; 0                   ; 1                ;
; curr_state.SHIFT5   ; 0               ; 0               ; 0                ; 0                ; 0                ; 0                ; 0                ; 0                ; 0                ; 0                 ; 0                 ; 0                 ; 1                 ; 0                 ; 0                 ; 0                 ; 0                 ; 0                 ; 0                   ; 1                ;
; curr_state.SHIFT6   ; 0               ; 0               ; 0                ; 0                ; 0                ; 0                ; 0                ; 0                ; 0                ; 0                 ; 0                 ; 1                 ; 0                 ; 0                 ; 0                 ; 0                 ; 0                 ; 0                 ; 0                   ; 1                ;
; curr_state.SHIFT7   ; 0               ; 0               ; 0                ; 0                ; 0                ; 0                ; 0                ; 0                ; 0                ; 0                 ; 1                 ; 0                 ; 0                 ; 0                 ; 0                 ; 0                 ; 0                 ; 0                 ; 0                   ; 1                ;
; curr_state.SHIFT8   ; 0               ; 0               ; 0                ; 0                ; 0                ; 0                ; 0                ; 0                ; 0                ; 1                 ; 0                 ; 0                 ; 0                 ; 0                 ; 0                 ; 0                 ; 0                 ; 0                 ; 0                   ; 1                ;
; curr_state.ADDS1    ; 0               ; 0               ; 0                ; 0                ; 0                ; 0                ; 0                ; 0                ; 1                ; 0                 ; 0                 ; 0                 ; 0                 ; 0                 ; 0                 ; 0                 ; 0                 ; 0                 ; 0                   ; 1                ;
; curr_state.ADDS2    ; 0               ; 0               ; 0                ; 0                ; 0                ; 0                ; 0                ; 1                ; 0                ; 0                 ; 0                 ; 0                 ; 0                 ; 0                 ; 0                 ; 0                 ; 0                 ; 0                 ; 0                   ; 1                ;
; curr_state.ADDS3    ; 0               ; 0               ; 0                ; 0                ; 0                ; 0                ; 1                ; 0                ; 0                ; 0                 ; 0                 ; 0                 ; 0                 ; 0                 ; 0                 ; 0                 ; 0                 ; 0                 ; 0                   ; 1                ;
; curr_state.ADDS4    ; 0               ; 0               ; 0                ; 0                ; 0                ; 1                ; 0                ; 0                ; 0                ; 0                 ; 0                 ; 0                 ; 0                 ; 0                 ; 0                 ; 0                 ; 0                 ; 0                 ; 0                   ; 1                ;
; curr_state.ADDS5    ; 0               ; 0               ; 0                ; 0                ; 1                ; 0                ; 0                ; 0                ; 0                ; 0                 ; 0                 ; 0                 ; 0                 ; 0                 ; 0                 ; 0                 ; 0                 ; 0                 ; 0                   ; 1                ;
; curr_state.ADDS6    ; 0               ; 0               ; 0                ; 1                ; 0                ; 0                ; 0                ; 0                ; 0                ; 0                 ; 0                 ; 0                 ; 0                 ; 0                 ; 0                 ; 0                 ; 0                 ; 0                 ; 0                   ; 1                ;
; curr_state.ADDS7    ; 0               ; 0               ; 1                ; 0                ; 0                ; 0                ; 0                ; 0                ; 0                ; 0                 ; 0                 ; 0                 ; 0                 ; 0                 ; 0                 ; 0                 ; 0                 ; 0                 ; 0                   ; 1                ;
; curr_state.SUBT     ; 0               ; 1               ; 0                ; 0                ; 0                ; 0                ; 0                ; 0                ; 0                ; 0                 ; 0                 ; 0                 ; 0                 ; 0                 ; 0                 ; 0                 ; 0                 ; 0                 ; 0                   ; 1                ;
; curr_state.HOLD     ; 1               ; 0               ; 0                ; 0                ; 0                ; 0                ; 0                ; 0                ; 0                ; 0                 ; 0                 ; 0                 ; 0                 ; 0                 ; 0                 ; 0                 ; 0                 ; 0                 ; 0                   ; 1                ;
+---------------------+-----------------+-----------------+------------------+------------------+------------------+------------------+------------------+------------------+------------------+-------------------+-------------------+-------------------+-------------------+-------------------+-------------------+-------------------+-------------------+-------------------+---------------------+------------------+


+------------------------------------------------------------+
; Registers Removed During Synthesis                         ;
+---------------------------------------+--------------------+
; Register name                         ; Reason for Removal ;
+---------------------------------------+--------------------+
; control:control_unit|curr_state~4     ; Lost fanout        ;
; control:control_unit|curr_state~5     ; Lost fanout        ;
; control:control_unit|curr_state~6     ; Lost fanout        ;
; control:control_unit|curr_state~7     ; Lost fanout        ;
; control:control_unit|curr_state~8     ; Lost fanout        ;
; Total Number of Removed Registers = 5 ;                    ;
+---------------------------------------+--------------------+


+------------------------------------------------------+
; General Register Statistics                          ;
+----------------------------------------------+-------+
; Statistic                                    ; Value ;
+----------------------------------------------+-------+
; Total registers                              ; 48    ;
; Number of registers using Synchronous Clear  ; 0     ;
; Number of registers using Synchronous Load   ; 0     ;
; Number of registers using Asynchronous Clear ; 20    ;
; Number of registers using Asynchronous Load  ; 0     ;
; Number of registers using Clock Enable       ; 16    ;
; Number of registers using Preset             ; 0     ;
+----------------------------------------------+-------+


+--------------------------------------------------------------------------------------------------------------------------------------------------------------------------------------------------------+
; Multiplexer Restructuring Statistics (Restructuring Performed)                                                                                                                                         ;
+--------------------+-----------+---------------+----------------------+------------------------+------------+------------------------------------------------------------------------------------------+
; Multiplexer Inputs ; Bus Width ; Baseline Area ; Area if Restructured ; Saving if Restructured ; Registered ; Example Multiplexer Output                                                               ;
+--------------------+-----------+---------------+----------------------+------------------------+------------+------------------------------------------------------------------------------------------+
; 3:1                ; 8 bits    ; 16 LEs        ; 8 LEs                ; 8 LEs                  ; Yes        ; |multiplier_8_2|reg_16:a_and_b|reg_8:shift_reg_B|reg_4:reg_A_last_four_bits|Data_Out[1]  ;
; 4:1                ; 8 bits    ; 16 LEs        ; 16 LEs               ; 0 LEs                  ; Yes        ; |multiplier_8_2|reg_16:a_and_b|reg_8:shift_reg_A|reg_4:reg_A_first_four_bits|Data_Out[2] ;
; 16:1               ; 3 bits    ; 30 LEs        ; 24 LEs               ; 6 LEs                  ; No         ; |multiplier_8_2|control:control_unit|Selector2                                           ;
+--------------------+-----------+---------------+----------------------+------------------------+------------+------------------------------------------------------------------------------------------+


+----------------------------------------------------------------------------------------------------------------+
; Port Connectivity Checks: "ADD_SUB9:adder|full_adder:FA8"                                                      ;
+------+--------+----------+-------------------------------------------------------------------------------------+
; Port ; Type   ; Severity ; Details                                                                             ;
+------+--------+----------+-------------------------------------------------------------------------------------+
; c    ; Output ; Info     ; Connected to dangling logic. Logic that only feeds a dangling port will be removed. ;
+------+--------+----------+-------------------------------------------------------------------------------------+


+--------------------------------------------------------------+
; Port Connectivity Checks: "reg_16:a_and_b|reg_8:shift_reg_B" ;
+-------+-------+----------+-----------------------------------+
; Port  ; Type  ; Severity ; Details                           ;
+-------+-------+----------+-----------------------------------+
; Reset ; Input ; Info     ; Stuck at GND                      ;
+-------+-------+----------+-----------------------------------+


+------------------------------------------------------------------------------------------------------------------------------------------+
; Port Connectivity Checks: "reg_16:a_and_b"                                                                                               ;
+-----------+--------+----------+----------------------------------------------------------------------------------------------------------+
; Port      ; Type   ; Severity ; Details                                                                                                  ;
+-----------+--------+----------+----------------------------------------------------------------------------------------------------------+
; Shift_Out ; Output ; Warning  ; Declared by entity but not connected by instance. Logic that only feeds a dangling port will be removed. ;
+-----------+--------+----------+----------------------------------------------------------------------------------------------------------+


+-----------------------------------------------------+
; Post-Synthesis Netlist Statistics for Top Partition ;
+-----------------------+-----------------------------+
; Type                  ; Count                       ;
+-----------------------+-----------------------------+
; boundary_port         ; 57                          ;
; cycloneiii_ff         ; 48                          ;
;     CLR               ; 20                          ;
;     ENA               ; 16                          ;
;     plain             ; 12                          ;
; cycloneiii_lcell_comb ; 105                         ;
;     normal            ; 105                         ;
;         1 data inputs ; 7                           ;
;         2 data inputs ; 10                          ;
;         3 data inputs ; 27                          ;
;         4 data inputs ; 61                          ;
;                       ;                             ;
; Max LUT depth         ; 9.00                        ;
; Average LUT depth     ; 3.22                        ;
+-----------------------+-----------------------------+


+-------------------------------+
; Elapsed Time Per Partition    ;
+----------------+--------------+
; Partition Name ; Elapsed Time ;
+----------------+--------------+
; Top            ; 00:00:00     ;
+----------------+--------------+


+-------------------------------+
; Analysis & Synthesis Messages ;
+-------------------------------+
Info: *******************************************************************
Info: Running Quartus II 64-Bit Analysis & Synthesis
    Info: Version 15.0.0 Build 145 04/22/2015 SJ Web Edition
    Info: Processing started: Fri Feb 23 15:49:53 2018
Info: Command: quartus_map --read_settings_files=on --write_settings_files=off multiplier_8_2 -c multiplier_8_2
Info (11104): Parallel Compilation has detected 8 hyper-threaded processors. However, the extra hyper-threaded processors will not be used by default. Parallel Compilation will use 4 of the 4 physical processors detected instead.
Info (12021): Found 1 design units, including 1 entities, in source file sync.sv
    Info (12023): Found entity 1: sync
Info (12021): Found 1 design units, including 1 entities, in source file test_bench.sv
    Info (12023): Found entity 1: test_bench
Info (12021): Found 1 design units, including 1 entities, in source file xreg.sv
    Info (12023): Found entity 1: Xreg
Info (12021): Found 1 design units, including 1 entities, in source file reg_8.sv
    Info (12023): Found entity 1: reg_8
Info (12021): Found 1 design units, including 1 entities, in source file reg_4.sv
    Info (12023): Found entity 1: reg_4
Info (12021): Found 1 design units, including 1 entities, in source file reg_16.sv
    Info (12023): Found entity 1: reg_16
Info (12021): Found 1 design units, including 1 entities, in source file multiplier_8_2.sv
    Info (12023): Found entity 1: multiplier_8_2
Info (12021): Found 1 design units, including 1 entities, in source file hexdriver.sv
    Info (12023): Found entity 1: HexDriver
Info (12021): Found 1 design units, including 1 entities, in source file full_adder.sv
    Info (12023): Found entity 1: full_adder
Info (12021): Found 1 design units, including 1 entities, in source file control.sv
    Info (12023): Found entity 1: control
Info (12021): Found 1 design units, including 1 entities, in source file add_sub9.sv
    Info (12023): Found entity 1: ADD_SUB9
Warning (10236): Verilog HDL Implicit Net warning at multiplier_8_2.sv(26): created implicit net for "Load_XA"
Info (12127): Elaborating entity "multiplier_8_2" for the top level hierarchy
Info (12128): Elaborating entity "control" for hierarchy "control:control_unit"
Info (10264): Verilog HDL Case Statement information at Control.sv(68): all case item expressions in this case statement are onehot
Info (12128): Elaborating entity "reg_16" for hierarchy "reg_16:a_and_b"
Info (12128): Elaborating entity "reg_8" for hierarchy "reg_16:a_and_b|reg_8:shift_reg_A"
Info (12128): Elaborating entity "reg_4" for hierarchy "reg_16:a_and_b|reg_8:shift_reg_A|reg_4:reg_A_first_four_bits"
Info (12128): Elaborating entity "ADD_SUB9" for hierarchy "ADD_SUB9:adder"
Info (12128): Elaborating entity "full_adder" for hierarchy "ADD_SUB9:adder|full_adder:FA0"
Info (12128): Elaborating entity "Xreg" for hierarchy "Xreg:x_register"
Info (12128): Elaborating entity "HexDriver" for hierarchy "HexDriver:A_hex_U"
Info (12128): Elaborating entity "sync" for hierarchy "sync:button_sync[0]"
Warning (12241): 1 hierarchies have connectivity warnings - see the Connectivity Checks report folder
Info (286030): Timing-Driven Synthesis is running
Info (17049): 5 registers lost all their fanouts during netlist optimizations.
Info (144001): Generated suppressed messages file C:/Users/mohit/Google Drive/UIUC Coursework/SP18/ECE 385/labs/lab5/multiplier_8_2/output_files/multiplier_8_2.map.smsg
Info (16010): Generating hard_block partition "hard_block:auto_generated_inst"
    Info (16011): Adding 0 node(s), including 0 DDIO, 0 PLL, 0 transceiver and 0 LCELL
Info (21057): Implemented 166 device resources after synthesis - the final resource count might be different
    Info (21058): Implemented 12 input pins
    Info (21059): Implemented 45 output pins
    Info (21061): Implemented 109 logic cells
Info: Quartus II 64-Bit Analysis & Synthesis was successful. 0 errors, 2 warnings
    Info: Peak virtual memory: 768 megabytes
    Info: Processing ended: Fri Feb 23 15:50:05 2018
    Info: Elapsed time: 00:00:12
    Info: Total CPU time (on all processors): 00:00:24


+------------------------------------------+
; Analysis & Synthesis Suppressed Messages ;
+------------------------------------------+
The suppressed messages can be found in C:/Users/mohit/Google Drive/UIUC Coursework/SP18/ECE 385/labs/lab5/multiplier_8_2/output_files/multiplier_8_2.map.smsg.


